<?xml version="1.0" encoding="UTF-8"?>
<coverage generated="1637742095848" clover="3.2.0">
  <project timestamp="1637742095848" name="All files">
    <metrics statements="118" coveredstatements="75" conditionals="61" coveredconditionals="24" methods="40" coveredmethods="19" elements="219" coveredelements="118" complexity="0" loc="118" ncloc="118" packages="5" files="5" classes="5"/>
    <package name="components.elements.Employee-form">
      <metrics statements="50" coveredstatements="38" conditionals="24" coveredconditionals="12" methods="17" coveredmethods="10"/>
      <file name="Employee-form-composite.jsx" path="/Users/hildegardagnesgenay/Documents/AndBEYOND/A_FORMATION2020/P14_/repo/hrnet-app/src/components/elements/Employee-form/Employee-form-composite.jsx">
        <metrics statements="50" coveredstatements="38" conditionals="24" coveredconditionals="12" methods="17" coveredmethods="10"/>
        <line num="12" count="3" type="stmt"/>
        <line num="14" count="59" type="stmt"/>
        <line num="16" count="59" type="stmt"/>
        <line num="17" count="59" type="stmt"/>
        <line num="18" count="59" type="stmt"/>
        <line num="21" count="59" type="cond" truecount="2" falsecount="1"/>
        <line num="23" count="0" type="stmt"/>
        <line num="25" count="59" type="stmt"/>
        <line num="27" count="59" type="stmt"/>
        <line num="28" count="59" type="stmt"/>
        <line num="32" count="59" type="stmt"/>
        <line num="33" count="59" type="stmt"/>
        <line num="36" count="59" type="stmt"/>
        <line num="38" count="59" type="stmt"/>
        <line num="43" count="59" type="stmt"/>
        <line num="44" count="59" type="stmt"/>
        <line num="45" count="59" type="stmt"/>
        <line num="46" count="59" type="stmt"/>
        <line num="48" count="59" type="stmt"/>
        <line num="53" count="59" type="stmt"/>
        <line num="54" count="24" type="stmt"/>
        <line num="56" count="24" type="stmt"/>
        <line num="60" count="59" type="stmt"/>
        <line num="62" count="18" type="stmt"/>
        <line num="63" count="18" type="stmt"/>
        <line num="65" count="18" type="stmt"/>
        <line num="70" count="59" type="stmt"/>
        <line num="72" count="0" type="stmt"/>
        <line num="74" count="0" type="stmt"/>
        <line num="76" count="0" type="stmt"/>
        <line num="77" count="0" type="stmt"/>
        <line num="78" count="0" type="cond" truecount="0" falsecount="2"/>
        <line num="85" count="0" type="stmt"/>
        <line num="86" count="0" type="stmt"/>
        <line num="89" count="0" type="cond" truecount="0" falsecount="5"/>
        <line num="91" count="0" type="stmt"/>
        <line num="93" count="0" type="stmt"/>
        <line num="95" count="0" type="stmt"/>
        <line num="101" count="59" type="stmt"/>
        <line num="102" count="2" type="stmt"/>
        <line num="103" count="2" type="cond" truecount="1" falsecount="1"/>
        <line num="106" count="59" type="stmt"/>
        <line num="107" count="1" type="stmt"/>
        <line num="108" count="1" type="stmt"/>
        <line num="109" count="1" type="stmt"/>
        <line num="110" count="1" type="stmt"/>
        <line num="111" count="1" type="cond" truecount="1" falsecount="1"/>
        <line num="114" count="59" type="stmt"/>
        <line num="119" count="531" type="cond" truecount="2" falsecount="0"/>
        <line num="189" count="3" type="stmt"/>
      </file>
    </package>
    <package name="components.elements.Form-inputs">
      <metrics statements="5" coveredstatements="5" conditionals="2" coveredconditionals="2" methods="3" coveredmethods="3"/>
      <file name="SimpleInput.jsx" path="/Users/hildegardagnesgenay/Documents/AndBEYOND/A_FORMATION2020/P14_/repo/hrnet-app/src/components/elements/Form-inputs/SimpleInput.jsx">
        <metrics statements="5" coveredstatements="5" conditionals="2" coveredconditionals="2" methods="3" coveredmethods="3"/>
        <line num="5" count="3" type="stmt"/>
        <line num="8" count="296" type="stmt"/>
        <line num="16" count="24" type="stmt"/>
        <line num="17" count="18" type="stmt"/>
        <line num="27" count="3" type="stmt"/>
      </file>
    </package>
    <package name="components.elements.Modal">
      <metrics statements="5" coveredstatements="5" conditionals="0" coveredconditionals="0" methods="3" coveredmethods="3"/>
      <file name="Modal.jsx" path="/Users/hildegardagnesgenay/Documents/AndBEYOND/A_FORMATION2020/P14_/repo/hrnet-app/src/components/elements/Modal/Modal.jsx">
        <metrics statements="5" coveredstatements="5" conditionals="0" coveredconditionals="0" methods="3" coveredmethods="3"/>
        <line num="8" count="3" type="stmt"/>
        <line num="22" count="2" type="stmt"/>
        <line num="25" count="2" type="stmt"/>
        <line num="30" count="1" type="stmt"/>
        <line num="71" count="3" type="stmt"/>
      </file>
    </package>
    <package name="data">
      <metrics statements="1" coveredstatements="1" conditionals="0" coveredconditionals="0" methods="0" coveredmethods="0"/>
      <file name="employee-form-fields.jsx" path="/Users/hildegardagnesgenay/Documents/AndBEYOND/A_FORMATION2020/P14_/repo/hrnet-app/src/data/employee-form-fields.jsx">
        <metrics statements="1" coveredstatements="1" conditionals="0" coveredconditionals="0" methods="0" coveredmethods="0"/>
        <line num="4" count="3" type="stmt"/>
      </file>
    </package>
    <package name="utils">
      <metrics statements="57" coveredstatements="26" conditionals="35" coveredconditionals="10" methods="17" coveredmethods="3"/>
      <file name="form_validators.jsx" path="/Users/hildegardagnesgenay/Documents/AndBEYOND/A_FORMATION2020/P14_/repo/hrnet-app/src/utils/form_validators.jsx">
        <metrics statements="57" coveredstatements="26" conditionals="35" coveredconditionals="10" methods="17" coveredmethods="3"/>
        <line num="7" count="3" type="stmt"/>
        <line num="14" count="3" type="stmt"/>
        <line num="15" count="3" type="stmt"/>
        <line num="16" count="3" type="stmt"/>
        <line num="18" count="3" type="stmt"/>
        <line num="20" count="22" type="cond" truecount="2" falsecount="0"/>
        <line num="21" count="20" type="cond" truecount="4" falsecount="1"/>
        <line num="22" count="20" type="cond" truecount="2" falsecount="0"/>
        <line num="24" count="10" type="stmt"/>
        <line num="27" count="3" type="stmt"/>
        <line num="29" count="0" type="stmt"/>
        <line num="30" count="0" type="cond" truecount="0" falsecount="2"/>
        <line num="32" count="0" type="stmt"/>
        <line num="35" count="3" type="stmt"/>
        <line num="36" count="0" type="stmt"/>
        <line num="38" count="0" type="cond" truecount="0" falsecount="2"/>
        <line num="39" count="0" type="cond" truecount="0" falsecount="2"/>
        <line num="40" count="0" type="cond" truecount="0" falsecount="2"/>
        <line num="41" count="0" type="cond" truecount="0" falsecount="2"/>
        <line num="43" count="0" type="stmt"/>
        <line num="46" count="3" type="stmt"/>
        <line num="47" count="0" type="stmt"/>
        <line num="49" count="0" type="cond" truecount="0" falsecount="2"/>
        <line num="50" count="0" type="cond" truecount="0" falsecount="2"/>
        <line num="51" count="0" type="cond" truecount="0" falsecount="2"/>
        <line num="53" count="0" type="stmt"/>
        <line num="56" count="3" type="stmt"/>
        <line num="57" count="0" type="stmt"/>
        <line num="58" count="0" type="stmt"/>
        <line num="61" count="3" type="stmt"/>
        <line num="62" count="0" type="stmt"/>
        <line num="63" count="0" type="cond" truecount="0" falsecount="2"/>
        <line num="64" count="0" type="cond" truecount="0" falsecount="2"/>
        <line num="65" count="0" type="cond" truecount="0" falsecount="2"/>
        <line num="67" count="0" type="stmt"/>
        <line num="70" count="3" type="stmt"/>
        <line num="71" count="0" type="stmt"/>
        <line num="72" count="0" type="stmt"/>
        <line num="79" count="3" type="stmt"/>
        <line num="81" count="22" type="stmt"/>
        <line num="82" count="0" type="stmt"/>
        <line num="83" count="0" type="stmt"/>
        <line num="84" count="0" type="stmt"/>
        <line num="85" count="0" type="stmt"/>
        <line num="86" count="0" type="stmt"/>
        <line num="87" count="0" type="stmt"/>
        <line num="88" count="0" type="stmt"/>
        <line num="89" count="0" type="stmt"/>
        <line num="94" count="3" type="stmt"/>
        <line num="96" count="118" type="stmt"/>
        <line num="97" count="118" type="stmt"/>
        <line num="98" count="118" type="stmt"/>
        <line num="99" count="118" type="stmt"/>
        <line num="101" count="118" type="cond" truecount="1" falsecount="1"/>
        <line num="102" count="118" type="cond" truecount="1" falsecount="1"/>
        <line num="104" count="118" type="stmt"/>
        <line num="105" count="118" type="stmt"/>
      </file>
    </package>
  </project>
</coverage>
