{"/Users/hildegardagnesgenay/Documents/AndBEYOND/A_FORMATION2020/P14_/repo/hrnet-app/src/components/elements/Employee-form/Employee-form-composite.jsx": {"path":"/Users/hildegardagnesgenay/Documents/AndBEYOND/A_FORMATION2020/P14_/repo/hrnet-app/src/components/elements/Employee-form/Employee-form-composite.jsx","statementMap":{"0":{"start":{"line":12,"column":22},"end":{"line":186,"column":1}},"1":{"start":{"line":14,"column":25},"end":{"line":14,"column":134}},"2":{"start":{"line":16,"column":34},"end":{"line":16,"column":62}},"3":{"start":{"line":17,"column":36},"end":{"line":17,"column":48}},"4":{"start":{"line":18,"column":34},"end":{"line":18,"column":46}},"5":{"start":{"line":21,"column":8},"end":{"line":23,"column":56}},"6":{"start":{"line":21,"column":42},"end":{"line":21,"column":52}},"7":{"start":{"line":23,"column":44},"end":{"line":23,"column":54}},"8":{"start":{"line":25,"column":22},"end":{"line":25,"column":67}},"9":{"start":{"line":25,"column":55},"end":{"line":25,"column":65}},"10":{"start":{"line":27,"column":46},"end":{"line":27,"column":61}},"11":{"start":{"line":28,"column":24},"end":{"line":28,"column":64}},"12":{"start":{"line":28,"column":32},"end":{"line":28,"column":63}},"13":{"start":{"line":32,"column":48},"end":{"line":32,"column":63}},"14":{"start":{"line":33,"column":31},"end":{"line":33,"column":73}},"15":{"start":{"line":33,"column":39},"end":{"line":33,"column":72}},"16":{"start":{"line":36,"column":33},"end":{"line":36,"column":141}},"17":{"start":{"line":38,"column":33},"end":{"line":40,"column":56}},"18":{"start":{"line":43,"column":58},"end":{"line":43,"column":73}},"19":{"start":{"line":44,"column":31},"end":{"line":44,"column":83}},"20":{"start":{"line":44,"column":39},"end":{"line":44,"column":82}},"21":{"start":{"line":45,"column":27},"end":{"line":45,"column":102}},"22":{"start":{"line":46,"column":27},"end":{"line":46,"column":38}},"23":{"start":{"line":48,"column":27},"end":{"line":51,"column":5}},"24":{"start":{"line":53,"column":30},"end":{"line":58,"column":5}},"25":{"start":{"line":54,"column":8},"end":{"line":54,"column":94}},"26":{"start":{"line":54,"column":37},"end":{"line":54,"column":68}},"27":{"start":{"line":54,"column":69},"end":{"line":54,"column":90}},"28":{"start":{"line":56,"column":8},"end":{"line":56,"column":52}},"29":{"start":{"line":60,"column":23},"end":{"line":68,"column":5}},"30":{"start":{"line":62,"column":55},"end":{"line":62,"column":61}},"31":{"start":{"line":63,"column":22},"end":{"line":63,"column":48}},"32":{"start":{"line":65,"column":8},"end":{"line":65,"column":53}},"33":{"start":{"line":70,"column":25},"end":{"line":99,"column":5}},"34":{"start":{"line":72,"column":8},"end":{"line":72,"column":31}},"35":{"start":{"line":74,"column":31},"end":{"line":83,"column":9}},"36":{"start":{"line":76,"column":37},"end":{"line":76,"column":63}},"37":{"start":{"line":77,"column":39},"end":{"line":77,"column":54}},"38":{"start":{"line":78,"column":20},"end":{"line":80,"column":29}},"39":{"start":{"line":85,"column":8},"end":{"line":85,"column":41}},"40":{"start":{"line":86,"column":8},"end":{"line":86,"column":43}},"41":{"start":{"line":89,"column":8},"end":{"line":98,"column":13}},"42":{"start":{"line":89,"column":64},"end":{"line":89,"column":74}},"43":{"start":{"line":91,"column":65},"end":{"line":91,"column":75}},"44":{"start":{"line":93,"column":16},"end":{"line":93,"column":55}},"45":{"start":{"line":95,"column":16},"end":{"line":95,"column":44}},"46":{"start":{"line":101,"column":25},"end":{"line":104,"column":5}},"47":{"start":{"line":102,"column":8},"end":{"line":102,"column":31}},"48":{"start":{"line":103,"column":8},"end":{"line":103,"column":60}},"49":{"start":{"line":106,"column":22},"end":{"line":112,"column":5}},"50":{"start":{"line":107,"column":8},"end":{"line":107,"column":37}},"51":{"start":{"line":108,"column":8},"end":{"line":108,"column":23}},"52":{"start":{"line":109,"column":8},"end":{"line":109,"column":22}},"53":{"start":{"line":110,"column":8},"end":{"line":110,"column":93}},"54":{"start":{"line":111,"column":8},"end":{"line":111,"column":58}},"55":{"start":{"line":114,"column":4},"end":{"line":185,"column":5}},"56":{"start":{"line":119,"column":20},"end":{"line":156,"column":29}},"57":{"start":{"line":189,"column":0},"end":{"line":191,"column":1}}},"fnMap":{"0":{"name":"(anonymous_0)","decl":{"start":{"line":12,"column":22},"end":{"line":12,"column":23}},"loc":{"start":{"line":12,"column":28},"end":{"line":186,"column":1}},"line":12},"1":{"name":"(anonymous_1)","decl":{"start":{"line":21,"column":37},"end":{"line":21,"column":38}},"loc":{"start":{"line":21,"column":42},"end":{"line":21,"column":52}},"line":21},"2":{"name":"(anonymous_2)","decl":{"start":{"line":23,"column":39},"end":{"line":23,"column":40}},"loc":{"start":{"line":23,"column":44},"end":{"line":23,"column":54}},"line":23},"3":{"name":"(anonymous_3)","decl":{"start":{"line":25,"column":50},"end":{"line":25,"column":51}},"loc":{"start":{"line":25,"column":55},"end":{"line":25,"column":65}},"line":25},"4":{"name":"(anonymous_4)","decl":{"start":{"line":28,"column":24},"end":{"line":28,"column":25}},"loc":{"start":{"line":28,"column":30},"end":{"line":28,"column":64}},"line":28},"5":{"name":"(anonymous_5)","decl":{"start":{"line":33,"column":31},"end":{"line":33,"column":32}},"loc":{"start":{"line":33,"column":37},"end":{"line":33,"column":73}},"line":33},"6":{"name":"(anonymous_6)","decl":{"start":{"line":44,"column":31},"end":{"line":44,"column":32}},"loc":{"start":{"line":44,"column":37},"end":{"line":44,"column":83}},"line":44},"7":{"name":"(anonymous_7)","decl":{"start":{"line":53,"column":30},"end":{"line":53,"column":31}},"loc":{"start":{"line":53,"column":50},"end":{"line":58,"column":5}},"line":53},"8":{"name":"(anonymous_8)","decl":{"start":{"line":54,"column":18},"end":{"line":54,"column":19}},"loc":{"start":{"line":54,"column":35},"end":{"line":54,"column":92}},"line":54},"9":{"name":"(anonymous_9)","decl":{"start":{"line":60,"column":23},"end":{"line":60,"column":24}},"loc":{"start":{"line":60,"column":45},"end":{"line":68,"column":5}},"line":60},"10":{"name":"(anonymous_10)","decl":{"start":{"line":70,"column":25},"end":{"line":70,"column":26}},"loc":{"start":{"line":70,"column":34},"end":{"line":99,"column":5}},"line":70},"11":{"name":"(anonymous_11)","decl":{"start":{"line":75,"column":12},"end":{"line":75,"column":13}},"loc":{"start":{"line":75,"column":26},"end":{"line":81,"column":13}},"line":75},"12":{"name":"(anonymous_12)","decl":{"start":{"line":89,"column":59},"end":{"line":89,"column":60}},"loc":{"start":{"line":89,"column":64},"end":{"line":89,"column":74}},"line":89},"13":{"name":"(anonymous_13)","decl":{"start":{"line":91,"column":60},"end":{"line":91,"column":61}},"loc":{"start":{"line":91,"column":65},"end":{"line":91,"column":75}},"line":91},"14":{"name":"(anonymous_14)","decl":{"start":{"line":101,"column":25},"end":{"line":101,"column":26}},"loc":{"start":{"line":101,"column":34},"end":{"line":104,"column":5}},"line":101},"15":{"name":"(anonymous_15)","decl":{"start":{"line":106,"column":22},"end":{"line":106,"column":23}},"loc":{"start":{"line":106,"column":28},"end":{"line":112,"column":5}},"line":106},"16":{"name":"(anonymous_16)","decl":{"start":{"line":117,"column":43},"end":{"line":117,"column":44}},"loc":{"start":{"line":119,"column":20},"end":{"line":156,"column":29}},"line":119}},"branchMap":{"0":{"loc":{"start":{"line":21,"column":8},"end":{"line":23,"column":56}},"type":"binary-expr","locations":[{"start":{"line":21,"column":8},"end":{"line":21,"column":54}},{"start":{"line":22,"column":11},"end":{"line":22,"column":73}},{"start":{"line":23,"column":11},"end":{"line":23,"column":56}}],"line":21},"1":{"loc":{"start":{"line":78,"column":58},"end":{"line":78,"column":89}},"type":"binary-expr","locations":[{"start":{"line":78,"column":58},"end":{"line":78,"column":66}},{"start":{"line":78,"column":70},"end":{"line":78,"column":89}}],"line":78},"2":{"loc":{"start":{"line":89,"column":8},"end":{"line":98,"column":13}},"type":"if","locations":[{"start":{"line":89,"column":8},"end":{"line":98,"column":13}},{"start":{},"end":{}}],"line":89},"3":{"loc":{"start":{"line":89,"column":16},"end":{"line":91,"column":77}},"type":"binary-expr","locations":[{"start":{"line":89,"column":16},"end":{"line":89,"column":76}},{"start":{"line":90,"column":16},"end":{"line":90,"column":93}},{"start":{"line":91,"column":16},"end":{"line":91,"column":77}}],"line":89},"4":{"loc":{"start":{"line":103,"column":15},"end":{"line":103,"column":59}},"type":"cond-expr","locations":[{"start":{"line":103,"column":26},"end":{"line":103,"column":46}},{"start":{"line":103,"column":48},"end":{"line":103,"column":59}}],"line":103},"5":{"loc":{"start":{"line":111,"column":15},"end":{"line":111,"column":57}},"type":"cond-expr","locations":[{"start":{"line":111,"column":30},"end":{"line":111,"column":50}},{"start":{"line":111,"column":53},"end":{"line":111,"column":57}}],"line":111},"6":{"loc":{"start":{"line":119,"column":20},"end":{"line":156,"column":29}},"type":"cond-expr","locations":[{"start":{"line":120,"column":24},"end":{"line":129,"column":30}},{"start":{"line":131,"column":22},"end":{"line":156,"column":29}}],"line":119},"7":{"loc":{"start":{"line":131,"column":22},"end":{"line":156,"column":29}},"type":"cond-expr","locations":[{"start":{"line":132,"column":24},"end":{"line":141,"column":30}},{"start":{"line":143,"column":22},"end":{"line":156,"column":29}}],"line":131},"8":{"loc":{"start":{"line":143,"column":22},"end":{"line":156,"column":29}},"type":"cond-expr","locations":[{"start":{"line":144,"column":24},"end":{"line":154,"column":30}},{"start":{"line":156,"column":25},"end":{"line":156,"column":29}}],"line":143},"9":{"loc":{"start":{"line":166,"column":18},"end":{"line":173,"column":26}},"type":"binary-expr","locations":[{"start":{"line":166,"column":18},"end":{"line":166,"column":31}},{"start":{"line":167,"column":20},"end":{"line":173,"column":26}}],"line":166},"10":{"loc":{"start":{"line":176,"column":18},"end":{"line":182,"column":66}},"type":"binary-expr","locations":[{"start":{"line":176,"column":18},"end":{"line":176,"column":36}},{"start":{"line":177,"column":20},"end":{"line":182,"column":66}}],"line":176}},"s":{"0":3,"1":59,"2":59,"3":59,"4":59,"5":59,"6":44,"7":0,"8":59,"9":44,"10":59,"11":59,"12":0,"13":59,"14":59,"15":4,"16":59,"17":59,"18":59,"19":59,"20":0,"21":59,"22":59,"23":59,"24":59,"25":24,"26":24,"27":24,"28":24,"29":59,"30":18,"31":18,"32":18,"33":59,"34":0,"35":0,"36":0,"37":0,"38":0,"39":0,"40":0,"41":0,"42":0,"43":0,"44":0,"45":0,"46":59,"47":2,"48":2,"49":59,"50":1,"51":1,"52":1,"53":1,"54":1,"55":59,"56":531,"57":3},"f":{"0":59,"1":44,"2":0,"3":44,"4":0,"5":4,"6":0,"7":24,"8":24,"9":18,"10":0,"11":0,"12":0,"13":0,"14":2,"15":1,"16":531},"b":{"0":[59,59,0],"1":[0,0],"2":[0,0],"3":[0,0,0],"4":[2,0],"5":[1,0],"6":[295,236],"7":[118,118],"8":[118,0],"9":[59,2],"10":[59,0]},"_coverageSchema":"1a1c01bbd47fc00a2c39e90264f33305004495a9","hash":"7db3eab682795f749e5c78058edd1193dc2fd8e1"}
,"/Users/hildegardagnesgenay/Documents/AndBEYOND/A_FORMATION2020/P14_/repo/hrnet-app/src/components/elements/Form-inputs/SimpleInput.jsx": {"path":"/Users/hildegardagnesgenay/Documents/AndBEYOND/A_FORMATION2020/P14_/repo/hrnet-app/src/components/elements/Form-inputs/SimpleInput.jsx","statementMap":{"0":{"start":{"line":5,"column":20},"end":{"line":23,"column":1}},"1":{"start":{"line":8,"column":4},"end":{"line":22,"column":5}},"2":{"start":{"line":16,"column":31},"end":{"line":16,"column":81}},"3":{"start":{"line":17,"column":29},"end":{"line":17,"column":72}},"4":{"start":{"line":27,"column":0},"end":{"line":31,"column":1}}},"fnMap":{"0":{"name":"(anonymous_0)","decl":{"start":{"line":5,"column":20},"end":{"line":5,"column":21}},"loc":{"start":{"line":5,"column":73},"end":{"line":23,"column":1}},"line":5},"1":{"name":"(anonymous_1)","decl":{"start":{"line":16,"column":26},"end":{"line":16,"column":27}},"loc":{"start":{"line":16,"column":31},"end":{"line":16,"column":81}},"line":16},"2":{"name":"(anonymous_2)","decl":{"start":{"line":17,"column":24},"end":{"line":17,"column":25}},"loc":{"start":{"line":17,"column":29},"end":{"line":17,"column":72}},"line":17}},"branchMap":{"0":{"loc":{"start":{"line":20,"column":14},"end":{"line":20,"column":85}},"type":"cond-expr","locations":[{"start":{"line":20,"column":40},"end":{"line":20,"column":78}},{"start":{"line":20,"column":81},"end":{"line":20,"column":85}}],"line":20}},"s":{"0":3,"1":296,"2":24,"3":18,"4":3},"f":{"0":296,"1":24,"2":18},"b":{"0":[16,280]},"_coverageSchema":"1a1c01bbd47fc00a2c39e90264f33305004495a9","hash":"3a6063d568cdab9018048f0bcd736d5a3447f421"}
,"/Users/hildegardagnesgenay/Documents/AndBEYOND/A_FORMATION2020/P14_/repo/hrnet-app/src/components/elements/Modal/Modal.jsx": {"path":"/Users/hildegardagnesgenay/Documents/AndBEYOND/A_FORMATION2020/P14_/repo/hrnet-app/src/components/elements/Modal/Modal.jsx","statementMap":{"0":{"start":{"line":8,"column":18},"end":{"line":67,"column":1}},"1":{"start":{"line":22,"column":23},"end":{"line":22,"column":69}},"2":{"start":{"line":22,"column":33},"end":{"line":22,"column":54}},"3":{"start":{"line":22,"column":55},"end":{"line":22,"column":67}},"4":{"start":{"line":25,"column":4},"end":{"line":66,"column":5}},"5":{"start":{"line":30,"column":56},"end":{"line":30,"column":69}},"6":{"start":{"line":71,"column":0},"end":{"line":73,"column":1}}},"fnMap":{"0":{"name":"(anonymous_0)","decl":{"start":{"line":8,"column":18},"end":{"line":8,"column":19}},"loc":{"start":{"line":8,"column":81},"end":{"line":67,"column":1}},"line":8},"1":{"name":"(anonymous_1)","decl":{"start":{"line":22,"column":23},"end":{"line":22,"column":24}},"loc":{"start":{"line":22,"column":31},"end":{"line":22,"column":69}},"line":22},"2":{"name":"(anonymous_2)","decl":{"start":{"line":30,"column":51},"end":{"line":30,"column":52}},"loc":{"start":{"line":30,"column":56},"end":{"line":30,"column":69}},"line":30}},"branchMap":{},"s":{"0":3,"1":2,"2":1,"3":1,"4":2,"5":1,"6":3},"f":{"0":2,"1":1,"2":1},"b":{},"_coverageSchema":"1a1c01bbd47fc00a2c39e90264f33305004495a9","hash":"dd512c61f735928b79c6f28ad1ce52cb41f4028f"}
,"/Users/hildegardagnesgenay/Documents/AndBEYOND/A_FORMATION2020/P14_/repo/hrnet-app/src/data/employee-form-fields.jsx": {"path":"/Users/hildegardagnesgenay/Documents/AndBEYOND/A_FORMATION2020/P14_/repo/hrnet-app/src/data/employee-form-fields.jsx","statementMap":{"0":{"start":{"line":4,"column":34},"end":{"line":52,"column":1}}},"fnMap":{},"branchMap":{},"s":{"0":3},"f":{},"b":{},"_coverageSchema":"1a1c01bbd47fc00a2c39e90264f33305004495a9","hash":"1f7a381c2aaa5faa57edac60c592acb090999573"}
,"/Users/hildegardagnesgenay/Documents/AndBEYOND/A_FORMATION2020/P14_/repo/hrnet-app/src/utils/form_validators.jsx": {"path":"/Users/hildegardagnesgenay/Documents/AndBEYOND/A_FORMATION2020/P14_/repo/hrnet-app/src/utils/form_validators.jsx","statementMap":{"0":{"start":{"line":7,"column":14},"end":{"line":12,"column":1}},"1":{"start":{"line":14,"column":21},"end":{"line":14,"column":36}},"2":{"start":{"line":15,"column":14},"end":{"line":15,"column":40}},"3":{"start":{"line":16,"column":26},"end":{"line":16,"column":42}},"4":{"start":{"line":18,"column":23},"end":{"line":25,"column":1}},"5":{"start":{"line":20,"column":4},"end":{"line":20,"column":96}},"6":{"start":{"line":20,"column":34},"end":{"line":20,"column":94}},"7":{"start":{"line":21,"column":4},"end":{"line":21,"column":132}},"8":{"start":{"line":21,"column":99},"end":{"line":21,"column":130}},"9":{"start":{"line":22,"column":4},"end":{"line":24,"column":22}},"10":{"start":{"line":22,"column":44},"end":{"line":22,"column":93}},"11":{"start":{"line":24,"column":8},"end":{"line":24,"column":20}},"12":{"start":{"line":27,"column":23},"end":{"line":33,"column":1}},"13":{"start":{"line":29,"column":15},"end":{"line":29,"column":25}},"14":{"start":{"line":30,"column":4},"end":{"line":30,"column":58}},"15":{"start":{"line":30,"column":32},"end":{"line":30,"column":57}},"16":{"start":{"line":32,"column":4},"end":{"line":32,"column":16}},"17":{"start":{"line":35,"column":25},"end":{"line":44,"column":1}},"18":{"start":{"line":36,"column":17},"end":{"line":36,"column":27}},"19":{"start":{"line":38,"column":4},"end":{"line":38,"column":62}},"20":{"start":{"line":38,"column":32},"end":{"line":38,"column":60}},"21":{"start":{"line":39,"column":4},"end":{"line":39,"column":85}},"22":{"start":{"line":39,"column":29},"end":{"line":39,"column":83}},"23":{"start":{"line":40,"column":4},"end":{"line":40,"column":72}},"24":{"start":{"line":40,"column":33},"end":{"line":40,"column":70}},"25":{"start":{"line":41,"column":4},"end":{"line":41,"column":77}},"26":{"start":{"line":41,"column":40},"end":{"line":41,"column":75}},"27":{"start":{"line":43,"column":4},"end":{"line":43,"column":16}},"28":{"start":{"line":46,"column":23},"end":{"line":54,"column":1}},"29":{"start":{"line":47,"column":15},"end":{"line":47,"column":25}},"30":{"start":{"line":49,"column":4},"end":{"line":49,"column":58}},"31":{"start":{"line":49,"column":30},"end":{"line":49,"column":56}},"32":{"start":{"line":50,"column":4},"end":{"line":50,"column":81}},"33":{"start":{"line":50,"column":27},"end":{"line":50,"column":79}},"34":{"start":{"line":51,"column":4},"end":{"line":51,"column":83}},"35":{"start":{"line":51,"column":39},"end":{"line":51,"column":81}},"36":{"start":{"line":53,"column":4},"end":{"line":53,"column":16}},"37":{"start":{"line":56,"column":24},"end":{"line":59,"column":1}},"38":{"start":{"line":57,"column":16},"end":{"line":57,"column":26}},"39":{"start":{"line":58,"column":4},"end":{"line":58,"column":16}},"40":{"start":{"line":61,"column":26},"end":{"line":68,"column":1}},"41":{"start":{"line":62,"column":18},"end":{"line":62,"column":28}},"42":{"start":{"line":63,"column":4},"end":{"line":63,"column":64}},"43":{"start":{"line":63,"column":33},"end":{"line":63,"column":62}},"44":{"start":{"line":64,"column":4},"end":{"line":64,"column":80}},"45":{"start":{"line":64,"column":36},"end":{"line":64,"column":78}},"46":{"start":{"line":65,"column":4},"end":{"line":65,"column":73}},"47":{"start":{"line":65,"column":32},"end":{"line":65,"column":71}},"48":{"start":{"line":67,"column":4},"end":{"line":67,"column":16}},"49":{"start":{"line":70,"column":29},"end":{"line":73,"column":1}},"50":{"start":{"line":71,"column":21},"end":{"line":71,"column":31}},"51":{"start":{"line":72,"column":4},"end":{"line":72,"column":16}},"52":{"start":{"line":79,"column":24},"end":{"line":91,"column":1}},"53":{"start":{"line":81,"column":28},"end":{"line":81,"column":66}},"54":{"start":{"line":82,"column":26},"end":{"line":82,"column":62}},"55":{"start":{"line":83,"column":16},"end":{"line":83,"column":42}},"56":{"start":{"line":84,"column":28},"end":{"line":84,"column":66}},"57":{"start":{"line":85,"column":22},"end":{"line":85,"column":56}},"58":{"start":{"line":86,"column":18},"end":{"line":86,"column":46}},"59":{"start":{"line":87,"column":20},"end":{"line":87,"column":51}},"60":{"start":{"line":88,"column":24},"end":{"line":88,"column":61}},"61":{"start":{"line":89,"column":30},"end":{"line":89,"column":76}},"62":{"start":{"line":94,"column":21},"end":{"line":106,"column":1}},"63":{"start":{"line":96,"column":16},"end":{"line":96,"column":26}},"64":{"start":{"line":97,"column":13},"end":{"line":97,"column":28}},"65":{"start":{"line":98,"column":13},"end":{"line":98,"column":33}},"66":{"start":{"line":99,"column":15},"end":{"line":99,"column":34}},"67":{"start":{"line":101,"column":4},"end":{"line":101,"column":35}},"68":{"start":{"line":101,"column":19},"end":{"line":101,"column":33}},"69":{"start":{"line":102,"column":4},"end":{"line":102,"column":35}},"70":{"start":{"line":102,"column":19},"end":{"line":102,"column":33}},"71":{"start":{"line":104,"column":4},"end":{"line":104,"column":39}},"72":{"start":{"line":105,"column":4},"end":{"line":105,"column":16}}},"fnMap":{"0":{"name":"(anonymous_0)","decl":{"start":{"line":18,"column":23},"end":{"line":18,"column":24}},"loc":{"start":{"line":18,"column":50},"end":{"line":25,"column":1}},"line":18},"1":{"name":"(anonymous_1)","decl":{"start":{"line":27,"column":23},"end":{"line":27,"column":24}},"loc":{"start":{"line":27,"column":50},"end":{"line":33,"column":1}},"line":27},"2":{"name":"(anonymous_2)","decl":{"start":{"line":35,"column":25},"end":{"line":35,"column":26}},"loc":{"start":{"line":35,"column":52},"end":{"line":44,"column":1}},"line":35},"3":{"name":"(anonymous_3)","decl":{"start":{"line":46,"column":23},"end":{"line":46,"column":24}},"loc":{"start":{"line":46,"column":50},"end":{"line":54,"column":1}},"line":46},"4":{"name":"(anonymous_4)","decl":{"start":{"line":56,"column":24},"end":{"line":56,"column":25}},"loc":{"start":{"line":56,"column":51},"end":{"line":59,"column":1}},"line":56},"5":{"name":"(anonymous_5)","decl":{"start":{"line":61,"column":26},"end":{"line":61,"column":27}},"loc":{"start":{"line":61,"column":53},"end":{"line":68,"column":1}},"line":61},"6":{"name":"(anonymous_6)","decl":{"start":{"line":70,"column":29},"end":{"line":70,"column":30}},"loc":{"start":{"line":70,"column":56},"end":{"line":73,"column":1}},"line":70},"7":{"name":"(anonymous_7)","decl":{"start":{"line":81,"column":15},"end":{"line":81,"column":16}},"loc":{"start":{"line":81,"column":28},"end":{"line":81,"column":66}},"line":81},"8":{"name":"(anonymous_8)","decl":{"start":{"line":82,"column":14},"end":{"line":82,"column":15}},"loc":{"start":{"line":82,"column":26},"end":{"line":82,"column":62}},"line":82},"9":{"name":"(anonymous_9)","decl":{"start":{"line":83,"column":9},"end":{"line":83,"column":10}},"loc":{"start":{"line":83,"column":16},"end":{"line":83,"column":42}},"line":83},"10":{"name":"(anonymous_10)","decl":{"start":{"line":84,"column":15},"end":{"line":84,"column":16}},"loc":{"start":{"line":84,"column":28},"end":{"line":84,"column":66}},"line":84},"11":{"name":"(anonymous_11)","decl":{"start":{"line":85,"column":12},"end":{"line":85,"column":13}},"loc":{"start":{"line":85,"column":22},"end":{"line":85,"column":56}},"line":85},"12":{"name":"(anonymous_12)","decl":{"start":{"line":86,"column":10},"end":{"line":86,"column":11}},"loc":{"start":{"line":86,"column":18},"end":{"line":86,"column":46}},"line":86},"13":{"name":"(anonymous_13)","decl":{"start":{"line":87,"column":11},"end":{"line":87,"column":12}},"loc":{"start":{"line":87,"column":20},"end":{"line":87,"column":51}},"line":87},"14":{"name":"(anonymous_14)","decl":{"start":{"line":88,"column":13},"end":{"line":88,"column":14}},"loc":{"start":{"line":88,"column":24},"end":{"line":88,"column":61}},"line":88},"15":{"name":"(anonymous_15)","decl":{"start":{"line":89,"column":16},"end":{"line":89,"column":17}},"loc":{"start":{"line":89,"column":30},"end":{"line":89,"column":76}},"line":89},"16":{"name":"(anonymous_16)","decl":{"start":{"line":94,"column":21},"end":{"line":94,"column":22}},"loc":{"start":{"line":94,"column":27},"end":{"line":106,"column":1}},"line":94}},"branchMap":{"0":{"loc":{"start":{"line":20,"column":4},"end":{"line":20,"column":96}},"type":"if","locations":[{"start":{"line":20,"column":4},"end":{"line":20,"column":96}},{"start":{},"end":{}}],"line":20},"1":{"loc":{"start":{"line":21,"column":4},"end":{"line":21,"column":132}},"type":"if","locations":[{"start":{"line":21,"column":4},"end":{"line":21,"column":132}},{"start":{},"end":{}}],"line":21},"2":{"loc":{"start":{"line":21,"column":9},"end":{"line":21,"column":93}},"type":"binary-expr","locations":[{"start":{"line":21,"column":9},"end":{"line":21,"column":34}},{"start":{"line":21,"column":40},"end":{"line":21,"column":64}},{"start":{"line":21,"column":68},"end":{"line":21,"column":92}}],"line":21},"3":{"loc":{"start":{"line":22,"column":4},"end":{"line":24,"column":22}},"type":"if","locations":[{"start":{"line":22,"column":4},"end":{"line":24,"column":22}},{"start":{"line":23,"column":9},"end":{"line":24,"column":22}}],"line":22},"4":{"loc":{"start":{"line":30,"column":4},"end":{"line":30,"column":58}},"type":"if","locations":[{"start":{"line":30,"column":4},"end":{"line":30,"column":58}},{"start":{},"end":{}}],"line":30},"5":{"loc":{"start":{"line":38,"column":4},"end":{"line":38,"column":62}},"type":"if","locations":[{"start":{"line":38,"column":4},"end":{"line":38,"column":62}},{"start":{},"end":{}}],"line":38},"6":{"loc":{"start":{"line":39,"column":4},"end":{"line":39,"column":85}},"type":"if","locations":[{"start":{"line":39,"column":4},"end":{"line":39,"column":85}},{"start":{},"end":{}}],"line":39},"7":{"loc":{"start":{"line":40,"column":4},"end":{"line":40,"column":72}},"type":"if","locations":[{"start":{"line":40,"column":4},"end":{"line":40,"column":72}},{"start":{},"end":{}}],"line":40},"8":{"loc":{"start":{"line":41,"column":4},"end":{"line":41,"column":77}},"type":"if","locations":[{"start":{"line":41,"column":4},"end":{"line":41,"column":77}},{"start":{},"end":{}}],"line":41},"9":{"loc":{"start":{"line":49,"column":4},"end":{"line":49,"column":58}},"type":"if","locations":[{"start":{"line":49,"column":4},"end":{"line":49,"column":58}},{"start":{},"end":{}}],"line":49},"10":{"loc":{"start":{"line":50,"column":4},"end":{"line":50,"column":81}},"type":"if","locations":[{"start":{"line":50,"column":4},"end":{"line":50,"column":81}},{"start":{},"end":{}}],"line":50},"11":{"loc":{"start":{"line":51,"column":4},"end":{"line":51,"column":83}},"type":"if","locations":[{"start":{"line":51,"column":4},"end":{"line":51,"column":83}},{"start":{},"end":{}}],"line":51},"12":{"loc":{"start":{"line":63,"column":4},"end":{"line":63,"column":64}},"type":"if","locations":[{"start":{"line":63,"column":4},"end":{"line":63,"column":64}},{"start":{},"end":{}}],"line":63},"13":{"loc":{"start":{"line":64,"column":4},"end":{"line":64,"column":80}},"type":"if","locations":[{"start":{"line":64,"column":4},"end":{"line":64,"column":80}},{"start":{},"end":{}}],"line":64},"14":{"loc":{"start":{"line":65,"column":4},"end":{"line":65,"column":73}},"type":"if","locations":[{"start":{"line":65,"column":4},"end":{"line":65,"column":73}},{"start":{},"end":{}}],"line":65},"15":{"loc":{"start":{"line":101,"column":4},"end":{"line":101,"column":35}},"type":"if","locations":[{"start":{"line":101,"column":4},"end":{"line":101,"column":35}},{"start":{},"end":{}}],"line":101},"16":{"loc":{"start":{"line":102,"column":4},"end":{"line":102,"column":35}},"type":"if","locations":[{"start":{"line":102,"column":4},"end":{"line":102,"column":35}},{"start":{},"end":{}}],"line":102}},"s":{"0":3,"1":3,"2":3,"3":3,"4":3,"5":22,"6":2,"7":20,"8":0,"9":20,"10":10,"11":10,"12":3,"13":0,"14":0,"15":0,"16":0,"17":3,"18":0,"19":0,"20":0,"21":0,"22":0,"23":0,"24":0,"25":0,"26":0,"27":0,"28":3,"29":0,"30":0,"31":0,"32":0,"33":0,"34":0,"35":0,"36":0,"37":3,"38":0,"39":0,"40":3,"41":0,"42":0,"43":0,"44":0,"45":0,"46":0,"47":0,"48":0,"49":3,"50":0,"51":0,"52":3,"53":22,"54":0,"55":0,"56":0,"57":0,"58":0,"59":0,"60":0,"61":0,"62":3,"63":118,"64":118,"65":118,"66":118,"67":118,"68":0,"69":118,"70":0,"71":118,"72":118},"f":{"0":22,"1":0,"2":0,"3":0,"4":0,"5":0,"6":0,"7":22,"8":0,"9":0,"10":0,"11":0,"12":0,"13":0,"14":0,"15":0,"16":118},"b":{"0":[2,20],"1":[0,20],"2":[20,20,20],"3":[10,10],"4":[0,0],"5":[0,0],"6":[0,0],"7":[0,0],"8":[0,0],"9":[0,0],"10":[0,0],"11":[0,0],"12":[0,0],"13":[0,0],"14":[0,0],"15":[0,118],"16":[0,118]},"_coverageSchema":"1a1c01bbd47fc00a2c39e90264f33305004495a9","hash":"5ff93ed8662a2089127ccc832bcf5daeeb200885"}
}
