TN:
SF:src/components/elements/Employee-form/Employee-form-composite.jsx
FN:12,(anonymous_0)
FN:21,(anonymous_1)
FN:23,(anonymous_2)
FN:25,(anonymous_3)
FN:28,(anonymous_4)
FN:33,(anonymous_5)
FN:44,(anonymous_6)
FN:53,(anonymous_7)
FN:54,(anonymous_8)
FN:60,(anonymous_9)
FN:70,(anonymous_10)
FN:75,(anonymous_11)
FN:89,(anonymous_12)
FN:91,(anonymous_13)
FN:101,(anonymous_14)
FN:106,(anonymous_15)
FN:117,(anonymous_16)
FNF:17
FNH:10
FNDA:59,(anonymous_0)
FNDA:44,(anonymous_1)
FNDA:0,(anonymous_2)
FNDA:44,(anonymous_3)
FNDA:0,(anonymous_4)
FNDA:4,(anonymous_5)
FNDA:0,(anonymous_6)
FNDA:24,(anonymous_7)
FNDA:24,(anonymous_8)
FNDA:18,(anonymous_9)
FNDA:0,(anonymous_10)
FNDA:0,(anonymous_11)
FNDA:0,(anonymous_12)
FNDA:0,(anonymous_13)
FNDA:2,(anonymous_14)
FNDA:1,(anonymous_15)
FNDA:531,(anonymous_16)
DA:12,3
DA:14,59
DA:16,59
DA:17,59
DA:18,59
DA:21,59
DA:23,0
DA:25,59
DA:27,59
DA:28,59
DA:32,59
DA:33,59
DA:36,59
DA:38,59
DA:43,59
DA:44,59
DA:45,59
DA:46,59
DA:48,59
DA:53,59
DA:54,24
DA:56,24
DA:60,59
DA:62,18
DA:63,18
DA:65,18
DA:70,59
DA:72,0
DA:74,0
DA:76,0
DA:77,0
DA:78,0
DA:85,0
DA:86,0
DA:89,0
DA:91,0
DA:93,0
DA:95,0
DA:101,59
DA:102,2
DA:103,2
DA:106,59
DA:107,1
DA:108,1
DA:109,1
DA:110,1
DA:111,1
DA:114,59
DA:119,531
DA:189,3
LF:50
LH:38
BRDA:21,0,0,59
BRDA:21,0,1,59
BRDA:21,0,2,0
BRDA:78,1,0,0
BRDA:78,1,1,0
BRDA:89,2,0,0
BRDA:89,2,1,0
BRDA:89,3,0,0
BRDA:89,3,1,0
BRDA:89,3,2,0
BRDA:103,4,0,2
BRDA:103,4,1,0
BRDA:111,5,0,1
BRDA:111,5,1,0
BRDA:119,6,0,295
BRDA:119,6,1,236
BRDA:131,7,0,118
BRDA:131,7,1,118
BRDA:143,8,0,118
BRDA:143,8,1,0
BRDA:166,9,0,59
BRDA:166,9,1,2
BRDA:176,10,0,59
BRDA:176,10,1,0
BRF:24
BRH:12
end_of_record
TN:
SF:src/components/elements/Form-inputs/SimpleInput.jsx
FN:5,(anonymous_0)
FN:16,(anonymous_1)
FN:17,(anonymous_2)
FNF:3
FNH:3
FNDA:296,(anonymous_0)
FNDA:24,(anonymous_1)
FNDA:18,(anonymous_2)
DA:5,3
DA:8,296
DA:16,24
DA:17,18
DA:27,3
LF:5
LH:5
BRDA:20,0,0,16
BRDA:20,0,1,280
BRF:2
BRH:2
end_of_record
TN:
SF:src/components/elements/Modal/Modal.jsx
FN:8,(anonymous_0)
FN:22,(anonymous_1)
FN:30,(anonymous_2)
FNF:3
FNH:3
FNDA:2,(anonymous_0)
FNDA:1,(anonymous_1)
FNDA:1,(anonymous_2)
DA:8,3
DA:22,2
DA:25,2
DA:30,1
DA:71,3
LF:5
LH:5
BRF:0
BRH:0
end_of_record
TN:
SF:src/data/employee-form-fields.jsx
FNF:0
FNH:0
DA:4,3
LF:1
LH:1
BRF:0
BRH:0
end_of_record
TN:
SF:src/utils/form_validators.jsx
FN:18,(anonymous_0)
FN:27,(anonymous_1)
FN:35,(anonymous_2)
FN:46,(anonymous_3)
FN:56,(anonymous_4)
FN:61,(anonymous_5)
FN:70,(anonymous_6)
FN:81,(anonymous_7)
FN:82,(anonymous_8)
FN:83,(anonymous_9)
FN:84,(anonymous_10)
FN:85,(anonymous_11)
FN:86,(anonymous_12)
FN:87,(anonymous_13)
FN:88,(anonymous_14)
FN:89,(anonymous_15)
FN:94,(anonymous_16)
FNF:17
FNH:3
FNDA:22,(anonymous_0)
FNDA:0,(anonymous_1)
FNDA:0,(anonymous_2)
FNDA:0,(anonymous_3)
FNDA:0,(anonymous_4)
FNDA:0,(anonymous_5)
FNDA:0,(anonymous_6)
FNDA:22,(anonymous_7)
FNDA:0,(anonymous_8)
FNDA:0,(anonymous_9)
FNDA:0,(anonymous_10)
FNDA:0,(anonymous_11)
FNDA:0,(anonymous_12)
FNDA:0,(anonymous_13)
FNDA:0,(anonymous_14)
FNDA:0,(anonymous_15)
FNDA:118,(anonymous_16)
DA:7,3
DA:14,3
DA:15,3
DA:16,3
DA:18,3
DA:20,22
DA:21,20
DA:22,20
DA:24,10
DA:27,3
DA:29,0
DA:30,0
DA:32,0
DA:35,3
DA:36,0
DA:38,0
DA:39,0
DA:40,0
DA:41,0
DA:43,0
DA:46,3
DA:47,0
DA:49,0
DA:50,0
DA:51,0
DA:53,0
DA:56,3
DA:57,0
DA:58,0
DA:61,3
DA:62,0
DA:63,0
DA:64,0
DA:65,0
DA:67,0
DA:70,3
DA:71,0
DA:72,0
DA:79,3
DA:81,22
DA:82,0
DA:83,0
DA:84,0
DA:85,0
DA:86,0
DA:87,0
DA:88,0
DA:89,0
DA:94,3
DA:96,118
DA:97,118
DA:98,118
DA:99,118
DA:101,118
DA:102,118
DA:104,118
DA:105,118
LF:57
LH:26
BRDA:20,0,0,2
BRDA:20,0,1,20
BRDA:21,1,0,0
BRDA:21,1,1,20
BRDA:21,2,0,20
BRDA:21,2,1,20
BRDA:21,2,2,20
BRDA:22,3,0,10
BRDA:22,3,1,10
BRDA:30,4,0,0
BRDA:30,4,1,0
BRDA:38,5,0,0
BRDA:38,5,1,0
BRDA:39,6,0,0
BRDA:39,6,1,0
BRDA:40,7,0,0
BRDA:40,7,1,0
BRDA:41,8,0,0
BRDA:41,8,1,0
BRDA:49,9,0,0
BRDA:49,9,1,0
BRDA:50,10,0,0
BRDA:50,10,1,0
BRDA:51,11,0,0
BRDA:51,11,1,0
BRDA:63,12,0,0
BRDA:63,12,1,0
BRDA:64,13,0,0
BRDA:64,13,1,0
BRDA:65,14,0,0
BRDA:65,14,1,0
BRDA:101,15,0,0
BRDA:101,15,1,118
BRDA:102,16,0,0
BRDA:102,16,1,118
BRF:35
BRH:10
end_of_record
